SF:lib/models/game.dart
DA:4,5
DA:5,5
DA:6,5
DA:7,5
DA:8,5
DA:10,5
DA:11,0
DA:19,3
LF:8
LH:7
end_of_record
SF:lib/models/player.dart
DA:2,7
DA:3,7
DA:4,7
DA:6,11
DA:7,1
DA:13,3
DA:14,6
DA:15,3
DA:16,6
DA:17,9
DA:18,3
DA:19,4
LF:12
LH:12
end_of_record
SF:lib/widgets/add_player_form.dart
DA:6,2
DA:11,2
DA:13,6
DA:19,2
DA:29,2
DA:32,4
DA:33,2
DA:36,2
DA:39,2
DA:40,2
DA:41,2
DA:42,2
DA:44,2
DA:46,2
DA:47,2
DA:48,2
DA:49,2
DA:52,2
DA:53,2
DA:56,6
DA:57,0
DA:58,0
DA:59,0
DA:60,0
DA:67,2
DA:68,2
DA:69,2
DA:71,2
DA:72,2
DA:74,6
DA:77,3
DA:78,1
DA:79,1
DA:80,3
DA:82,1
DA:89,6
DA:90,4
DA:93,2
DA:98,2
LF:39
LH:35
end_of_record
SF:lib/widgets/change_score_dialog.dart
DA:5,2
DA:9,2
DA:11,2
DA:12,2
DA:13,2
DA:14,2
DA:15,2
DA:16,4
DA:18,2
DA:21,2
DA:22,2
DA:23,2
DA:24,2
DA:25,1
DA:26,1
DA:27,2
DA:30,2
DA:31,2
DA:32,2
DA:35,2
DA:36,10
DA:37,4
DA:40,2
DA:41,2
DA:42,2
DA:45,2
DA:46,8
DA:47,4
LF:28
LH:28
end_of_record
SF:lib/widgets/game_score_player_list.dart
DA:8,3
DA:12,3
DA:14,6
DA:18,3
DA:23,3
DA:26,6
DA:27,3
DA:30,3
DA:32,3
DA:34,9
DA:35,3
DA:36,3
DA:37,3
DA:38,3
DA:39,6
DA:40,3
DA:41,3
DA:42,3
DA:44,3
DA:50,1
DA:54,10
LF:21
LH:21
end_of_record
SF:lib/widgets/player_name_and_score_tile.dart
DA:7,3
DA:12,3
DA:14,3
DA:15,3
DA:16,21
DA:17,3
DA:20,3
DA:21,18
DA:22,3
LF:9
LH:9
end_of_record
SF:lib/widgets/score_controls.dart
DA:6,3
DA:17,3
DA:19,3
DA:20,3
DA:21,3
DA:22,3
DA:24,3
DA:26,2
DA:27,14
DA:28,2
DA:30,21
DA:32,3
DA:33,3
DA:35,3
DA:37,2
DA:38,4
DA:40,12
DA:41,2
DA:44,21
DA:46,3
DA:47,3
DA:49,3
DA:51,2
DA:52,14
DA:53,2
DA:55,21
DA:63,2
DA:64,2
DA:66,2
DA:67,4
LF:30
LH:30
end_of_record
SF:lib/screens/options_screen.dart
DA:6,2
DA:9,2
DA:10,4
DA:14,2
DA:18,2
DA:20,4
DA:21,2
DA:24,2
DA:26,2
DA:27,2
DA:28,2
DA:32,2
DA:34,2
DA:35,2
DA:36,2
DA:37,2
DA:38,2
DA:39,2
DA:41,2
DA:43,2
DA:44,4
DA:45,2
DA:46,6
DA:47,8
DA:50,2
DA:54,2
DA:55,2
DA:56,2
DA:57,2
DA:58,2
DA:62,2
DA:63,6
DA:64,2
DA:68,2
DA:69,2
DA:70,2
DA:71,2
DA:73,2
DA:75,2
DA:76,4
DA:77,2
DA:78,6
DA:79,8
DA:82,2
DA:84,2
DA:85,2
DA:86,2
DA:87,2
DA:88,2
DA:92,2
DA:93,6
DA:94,2
DA:104,2
DA:105,2
DA:107,2
DA:108,4
LF:56
LH:56
end_of_record
SF:lib/widgets/change_inc_dec_value_dialog.dart
DA:5,2
DA:7,2
DA:9,2
DA:10,2
DA:11,2
DA:12,2
DA:13,2
DA:14,4
DA:16,2
DA:19,2
DA:20,2
DA:21,2
DA:22,2
DA:23,1
DA:24,1
DA:25,2
DA:28,2
DA:29,2
DA:30,2
DA:33,2
DA:34,8
DA:35,4
LF:22
LH:22
end_of_record
SF:lib/widgets/delete_player_dialog.dart
DA:5,1
DA:15,1
DA:17,1
DA:18,6
DA:19,1
DA:20,1
DA:21,1
DA:22,1
DA:23,1
DA:24,1
DA:25,5
DA:26,1
DA:28,1
DA:29,6
DA:31,1
DA:32,1
DA:33,1
DA:35,1
DA:36,6
LF:19
LH:19
end_of_record
SF:lib/widgets/display_player_list.dart
DA:8,2
DA:13,2
DA:15,2
DA:19,4
DA:20,2
DA:21,2
DA:22,2
DA:24,2
DA:25,8
DA:26,2
DA:30,2
DA:31,2
DA:33,2
DA:35,1
DA:36,2
DA:38,2
DA:40,1
DA:41,1
DA:45,10
DA:50,0
LF:20
LH:19
end_of_record
SF:lib/main.dart
DA:7,0
DA:8,0
DA:10,0
DA:15,1
DA:16,1
DA:22,1
DA:24,1
DA:25,1
DA:26,1
DA:27,1
DA:31,1
DA:32,1
DA:33,3
DA:35,4
DA:44,0
DA:46,0
DA:47,0
DA:52,0
DA:53,0
LF:19
LH:11
end_of_record
SF:lib/screens/players_screen.dart
DA:7,1
DA:14,1
DA:16,1
DA:17,1
DA:18,1
DA:19,1
DA:23,1
DA:24,1
DA:26,1
DA:27,3
DA:31,1
DA:33,1
DA:36,1
DA:37,1
DA:38,1
DA:39,1
LF:16
LH:16
end_of_record
SF:lib/screens/game_screen.dart
DA:7,1
DA:10,1
DA:11,2
DA:15,1
DA:18,1
DA:20,1
DA:21,1
DA:22,1
DA:23,1
DA:24,1
DA:25,1
DA:26,1
DA:27,2
DA:29,1
DA:30,2
DA:33,1
DA:37,2
DA:41,1
DA:42,3
DA:43,1
DA:45,4
LF:21
LH:21
end_of_record
SF:lib/widgets/reset_score_dialog.dart
DA:4,1
DA:7,1
DA:9,1
DA:10,1
DA:11,1
DA:12,1
DA:13,1
DA:14,1
DA:15,1
DA:16,1
DA:17,1
DA:18,1
DA:20,1
DA:21,1
DA:23,1
DA:24,0
DA:25,0
DA:27,1
DA:28,1
LF:19
LH:17
end_of_record
SF:lib/widgets/player_setup_container.dart
DA:9,1
DA:19,1
DA:21,1
DA:22,1
DA:24,1
DA:25,1
DA:26,1
DA:27,3
DA:28,1
DA:29,3
DA:30,1
DA:31,1
DA:32,4
DA:33,2
DA:34,1
LF:15
LH:15
end_of_record
SF:lib/widgets/keep_score_button.dart
DA:7,1
DA:9,1
DA:11,1
DA:12,1
DA:13,1
DA:15,1
DA:16,3
DA:20,1
DA:25,1
LF:9
LH:9
end_of_record
