SF:lib/player.dart
DA:2,3
DA:3,3
DA:4,3
DA:6,5
DA:7,1
DA:13,6
DA:14,6
DA:15,3
DA:16,3
LF:9
LH:9
end_of_record
SF:lib/game_list.dart
DA:7,1
DA:11,1
DA:12,2
DA:16,1
DA:20,1
DA:22,1
DA:25,2
DA:26,1
DA:27,1
DA:28,1
DA:29,1
DA:30,5
DA:31,1
DA:36,1
DA:37,4
DA:38,1
DA:42,1
DA:43,1
DA:44,1
DA:45,1
DA:47,1
DA:49,1
DA:50,3
DA:51,3
DA:53,1
DA:54,4
DA:57,1
DA:58,1
DA:60,1
DA:62,1
DA:63,3
DA:64,3
DA:66,1
DA:67,4
DA:76,0
LF:35
LH:34
end_of_record
SF:lib/form.dart
DA:6,1
DA:11,1
DA:13,3
DA:19,1
DA:30,1
DA:33,2
DA:34,1
DA:37,1
DA:40,1
DA:41,1
DA:42,1
DA:43,1
DA:45,1
DA:47,1
DA:48,1
DA:49,1
DA:50,1
DA:53,1
DA:54,1
DA:57,3
DA:58,0
DA:59,0
DA:60,0
DA:61,0
DA:68,1
DA:69,1
DA:70,1
DA:72,1
DA:73,1
DA:75,3
DA:78,1
DA:79,0
DA:80,0
DA:81,0
DA:83,0
DA:90,3
DA:91,2
DA:94,1
DA:99,1
LF:39
LH:31
end_of_record
SF:lib/player_list.dart
DA:7,1
DA:12,1
DA:14,3
DA:18,1
DA:23,1
DA:25,1
DA:29,2
DA:30,1
DA:31,1
DA:32,1
DA:34,1
DA:35,4
DA:36,1
DA:40,1
DA:41,1
DA:43,1
DA:45,1
DA:46,2
DA:48,2
DA:50,5
DA:51,1
DA:52,1
DA:53,1
DA:54,1
DA:55,1
DA:56,1
DA:57,4
DA:58,1
DA:60,1
DA:61,5
DA:63,1
DA:64,1
DA:65,1
DA:67,1
DA:68,5
DA:76,5
DA:81,0
LF:37
LH:36
end_of_record
